Removed Pin From Net: NetName=Vin Pin=C12-1
Removed Pin From Net: NetName=GND Pin=C12-2
Removed Member From Class: ClassName=Sheet1 Member=C12
Change Component Designator: OldDesignator=J? NewDesignator=J1
Change Component Designator: OldDesignator=S? NewDesignator=S2
Change Component Designator: OldDesignator=U? NewDesignator=U2
Added Component: Designator=C7(PASSIVE-CAPACITOR-0603)
Add component. Clean all parameters for all variants
Add component (AddParameter): Name = "Category"; Value = "Passive"; VariantName = "[No Variations]"
Add component (AddParameter): Name = "Manufacturer"; Value = ""; VariantName = "[No Variations]"
Add component (AddParameter): Name = "Manufacturer Part Number"; Value = ""; VariantName = "[No Variations]"
Add component (AddParameter): Name = "Package"; Value = ""; VariantName = "[No Variations]"
Add component (AddParameter): Name = "Supplier 1"; Value = "Mouser"; VariantName = "[No Variations]"
Add component (AddParameter): Name = "Supplier 2"; Value = "Digi-Key"; VariantName = "[No Variations]"
Add component (AddParameter): Name = "Supplier Part Number 1"; Value = ""; VariantName = "[No Variations]"
Add component (AddParameter): Name = "Supplier Part Number 2"; Value = ""; VariantName = "[No Variations]"
Add component (AddParameter): Name = "Through Hole (y/n)"; Value = ""; VariantName = "[No Variations]"
Add component (AddParameter): Name = "Value"; Value = "100uF"; VariantName = "[No Variations]"
Added Pin To Net: NetName=GND Pin=C7-1
Added Pin To Net: NetName=Vin Pin=C7-2
Added Member To Class: ClassName=Sheet1 Member=Component C7 Passive-Capacitor (Generic)
Added Room: Name=Sheet1
Added Room: Name=Sheet2
Added Room: Name=Sheet3
