Removed Member From Class: ClassName=Sheet1 Member=U1
Change Component Designator: OldDesignator=IC1 NewDesignator=IC5
Change Component Designator: OldDesignator=IC2 NewDesignator=IC5
Change Component Designator: OldDesignator=IC3 NewDesignator=IC4
Change Component Designator: OldDesignator=J4 NewDesignator=U2
Change Component Designator: OldDesignator=J5 NewDesignator=J1
Change Component Designator: OldDesignator=S1 NewDesignator=IC3
Change Component Designator: OldDesignator=S3 NewDesignator=S1
Change Component Designator: OldDesignator=U1 NewDesignator=IC2
Change Component Designator: OldDesignator=U2 NewDesignator=BH1
Change Component Designator: OldDesignator=U3 NewDesignator=U1
Change Component Designator: OldDesignator=Y1 NewDesignator=B2
Change Component Designator: OldDesignator=Y2 NewDesignator=B1
Change Component Designator: OldDesignator=Y3 NewDesignator=Y1
Change Component Designator: OldDesignator=Y4 NewDesignator=Y2
Change Net Name : Old Net Name=NetD1_2 New Net Name=NetBH1_1
Change Net Name : Old Net Name=NetIC2_3 New Net Name=NetIC5_3
Change Net Name : Old Net Name=NetR2_2 New Net Name=NetIC2_3
Change Net Name : Old Net Name=NetR4_1 New Net Name=NetB2_1
Change Net Name : Old Net Name=NetR9_1 New Net Name=NetB1_1
Added Member To Class: ClassName=Sheet1 Member=Component IC5 TLV70233DBVR
Added Room: Name=Sheet1
Added Room: Name=Sheet2
Added Room: Name=Sheet3
