Removed Pin From Net: NetName=RESET_N Pin=J2-2
Removed Pin From Net: NetName=NetJ2_1 Pin=J2-3
Removed Pin From Net: NetName=JTAG_TCKC Pin=J2-4
Removed Pin From Net: NetName=UART_TX Pin=J2-5
Removed Pin From Net: NetName=JTAG_TMSC Pin=J2-6
Removed Pin From Net: NetName=UART_RX Pin=J2-7
Removed Pin From Net: NetName=V_Select Pin=J2-8
Removed Pin From Net: NetName=V_Select Pin=J2-9
Change Component Footprint: Designator=J2 Old Footprint=HDRV10W80P254_2X5_1270X508X864P New Footprint=HDRV2W67P0X254_1X2_467X234X1083P
Change Component Comment : Designator=J2 Old Comment=M20-9980545 New Comment=87220-2
Change Component Designator: OldDesignator=U? NewDesignator=U2
Change component parameters: Designator = "J2"; Footprint = "HDRV2W67P0X254_1X2_467X234X1083P"; UniqueID = "\HBFFPVEW"
Change component parameters. Clean all parameters for all variants
Change component parameters (AddParameter): Name = "Allied_Number"; Value = "70082840"; VariantName = "[No Variations]"
Change component parameters (AddParameter): Name = "Allied Price/Stock"; Value = "https://www.alliedelec.com/teconnectivity-87220-2/70082840/"; VariantName = "[No Variations]"
Change component parameters (AddParameter): Name = "Datasheet Link"; Value = "https://www.te.com/commerce/DocumentDelivery/DDEController?Action=showdoc&DocId=Customer+Drawing%7F87220%7FK3%7Fpdf%7FEnglish%7FENG_CD_87220_K3.pdf%7F87220-2"; VariantName = "[No Variations]"
Change component parameters (AddParameter): Name = "Height"; Value = "10.83mm"; VariantName = "[No Variations]"
Change component parameters (AddParameter): Name = "Manufacturer_Name"; Value = "TE Connectivity"; VariantName = "[No Variations]"
Change component parameters (AddParameter): Name = "Manufacturer_Part_Number"; Value = "87220-2"; VariantName = "[No Variations]"
Change component parameters (AddParameter): Name = "Mouser Part Number"; Value = "571-872202"; VariantName = "[No Variations]"
Change component parameters (AddParameter): Name = "Mouser Price/Stock"; Value = "https://www.mouser.com/Search/Refine.aspx?Keyword=571-872202"; VariantName = "[No Variations]"
Change component parameters (AddParameter): Name = "RS Part Number"; Value = "7202418P"; VariantName = "[No Variations]"
Change component parameters (AddParameter): Name = "RS Price/Stock"; Value = "http://uk.rs-online.com/web/p/products/7202418P"; VariantName = "[No Variations]"
Added Component: Designator=J3(HDRV2W67P0X254_1X2_467X234X1083P)
Add component. Clean all parameters for all variants
Add component (AddParameter): Name = "Allied_Number"; Value = "70082840"; VariantName = "[No Variations]"
Add component (AddParameter): Name = "Allied Price/Stock"; Value = "https://www.alliedelec.com/teconnectivity-87220-2/70082840/"; VariantName = "[No Variations]"
Add component (AddParameter): Name = "Datasheet Link"; Value = "https://www.te.com/commerce/DocumentDelivery/DDEController?Action=showdoc&DocId=Customer+Drawing%7F87220%7FK3%7Fpdf%7FEnglish%7FENG_CD_87220_K3.pdf%7F87220-2"; VariantName = "[No Variations]"
Add component (AddParameter): Name = "Height"; Value = "10.83mm"; VariantName = "[No Variations]"
Add component (AddParameter): Name = "Manufacturer_Name"; Value = "TE Connectivity"; VariantName = "[No Variations]"
Add component (AddParameter): Name = "Manufacturer_Part_Number"; Value = "87220-2"; VariantName = "[No Variations]"
Add component (AddParameter): Name = "Mouser Part Number"; Value = "571-872202"; VariantName = "[No Variations]"
Add component (AddParameter): Name = "Mouser Price/Stock"; Value = "https://www.mouser.com/Search/Refine.aspx?Keyword=571-872202"; VariantName = "[No Variations]"
Add component (AddParameter): Name = "RS Part Number"; Value = "7202418P"; VariantName = "[No Variations]"
Add component (AddParameter): Name = "RS Price/Stock"; Value = "http://uk.rs-online.com/web/p/products/7202418P"; VariantName = "[No Variations]"
Added Pin To Net: NetName=V_Select Pin=J2-2
Added Pin To Net: NetName=UART_RX Pin=J3-1
Added Pin To Net: NetName=UART_TX Pin=J3-2
Added Pin To Net: NetName=NetJ2_1 Pin=R2-2
Added Member To Class: ClassName=Sheet2 Member=Component J3 87220-2
Added Room: Name=Sheet1
Added Room: Name=Sheet2
Added Room: Name=Sheet3
