Removed Pin From Net: NetName=GND Pin=C1-1
Removed Pin From Net: NetName=VDDS Pin=C1-2
Removed Pin From Net: NetName=GND Pin=C2-1
Removed Pin From Net: NetName=VDDS Pin=C2-2
Removed Pin From Net: NetName=GND Pin=C3-1
Removed Pin From Net: NetName=VDDS Pin=C3-2
Removed Pin From Net: NetName=VDDS Pin=C4-1
Removed Pin From Net: NetName=GND Pin=C4-2
Removed Pin From Net: NetName=GND Pin=C5-1
Removed Pin From Net: NetName=VDDS Pin=C5-2
Removed Pin From Net: NetName=GND Pin=C6-1
Removed Pin From Net: NetName=VCC3V3 Pin=C6-2
Removed Pin From Net: NetName=GND Pin=C7-1
Removed Pin From Net: NetName=RESET_N Pin=C7-2
Removed Pin From Net: NetName=VDDR Pin=C8-1
Removed Pin From Net: NetName=GND Pin=C8-2
Removed Pin From Net: NetName=GND Pin=C9-1
Removed Pin From Net: NetName=VDDR Pin=C9-2
Removed Pin From Net: NetName=GND Pin=C10-1
Removed Pin From Net: NetName=VDDR Pin=C10-2
Removed Pin From Net: NetName=GND Pin=C12-1
Removed Pin From Net: NetName=GND Pin=C13-1
Removed Pin From Net: NetName=V_Barrel Pin=C13-2
Removed Pin From Net: NetName=GND Pin=C14-1
Removed Pin From Net: NetName=GND Pin=C15-1
Removed Pin From Net: NetName=BTN_1 Pin=C15-2
Removed Pin From Net: NetName=GND Pin=C16-1
Removed Pin From Net: NetName=V_Select Pin=C16-2
Removed Pin From Net: NetName=GND Pin=C17-1
Removed Pin From Net: NetName=GND Pin=C18-1
Removed Pin From Net: NetName=GND Pin=C20-1
Removed Pin From Net: NetName=Vin Pin=C20-2
Removed Pin From Net: NetName=GND Pin=R1-1
Removed Pin From Net: NetName=DONE Pin=R1-2
Removed Pin From Net: NetName=GND Pin=R2-2
Removed Pin From Net: NetName=RESET_N Pin=R3-1
Removed Pin From Net: NetName=VDDS Pin=R3-2
Removed Pin From Net: NetName=GND Pin=R4-1
Removed Pin From Net: NetName=NetLED1_2 Pin=R5-1
Removed Pin From Net: NetName=NetJ2_1 Pin=R5-2
Removed Pin From Net: NetName=BTN_1 Pin=R6-1
Removed Pin From Net: NetName=V_Select Pin=R6-2
Removed Pin From Net: NetName=GND Pin=R7-1
Removed Pin From Net: NetName=I2C_SCL Pin=R8-1
Removed Pin From Net: NetName=V_Select Pin=R8-2
Removed Pin From Net: NetName=I2C_SDA Pin=R9-1
Removed Pin From Net: NetName=V_Select Pin=R9-2
Removed Pin From Net: NetName=NetIC2_3 Pin=R10-1
Removed Pin From Net: NetName=GND Pin=R11-1
Removed Pin From Net: NetName=NetIC2_3 Pin=R11-2
Removed Member From Class: ClassName=Sheet1 Member=C1
Removed Member From Class: ClassName=Sheet1 Member=C2
Removed Member From Class: ClassName=Sheet1 Member=C3
Removed Member From Class: ClassName=Sheet1 Member=C4
Removed Member From Class: ClassName=Sheet1 Member=C5
Removed Member From Class: ClassName=Sheet1 Member=C6
Removed Member From Class: ClassName=Sheet1 Member=C7
Removed Member From Class: ClassName=Sheet1 Member=C8
Removed Member From Class: ClassName=Sheet1 Member=C9
Removed Member From Class: ClassName=Sheet1 Member=C10
Removed Member From Class: ClassName=Sheet1 Member=C12
Removed Member From Class: ClassName=Sheet1 Member=C13
Removed Member From Class: ClassName=Sheet2 Member=C14
Removed Member From Class: ClassName=Sheet2 Member=C15
Removed Member From Class: ClassName=Sheet3 Member=C16
Removed Member From Class: ClassName=Sheet2 Member=C17
Removed Member From Class: ClassName=Sheet2 Member=C18
Removed Member From Class: ClassName=Sheet1 Member=C20
Removed Member From Class: ClassName=Sheet1 Member=R1
Removed Member From Class: ClassName=Sheet1 Member=R2
Removed Member From Class: ClassName=Sheet1 Member=R3
Removed Member From Class: ClassName=Sheet1 Member=R4
Removed Member From Class: ClassName=Sheet2 Member=R5
Removed Member From Class: ClassName=Sheet2 Member=R6
Removed Member From Class: ClassName=Sheet2 Member=R7
Removed Member From Class: ClassName=Sheet3 Member=R8
Removed Member From Class: ClassName=Sheet3 Member=R9
Removed Member From Class: ClassName=Sheet1 Member=R10
Removed Member From Class: ClassName=Sheet1 Member=R11
Added Component: Designator=C?(0603_SMD)
Add component. Clean all parameters for all variants
Added Component: Designator=C?(0603_SMD)
Add component. Clean all parameters for all variants
Added Component: Designator=C?(0603_SMD)
Add component. Clean all parameters for all variants
Added Component: Designator=C?(0603_SMD)
Add component. Clean all parameters for all variants
Added Component: Designator=C?(0603_SMD)
Add component. Clean all parameters for all variants
Added Component: Designator=C?(0603_SMD)
Add component. Clean all parameters for all variants
Added Component: Designator=C?(0603_SMD)
Add component. Clean all parameters for all variants
Added Component: Designator=C?(0603_SMD)
Add component. Clean all parameters for all variants
Added Component: Designator=C?(0603_SMD)
Add component. Clean all parameters for all variants
Added Component: Designator=C?(0603_SMD)
Add component. Clean all parameters for all variants
Added Component: Designator=C?(0603_SMD)
Add component. Clean all parameters for all variants
Added Component: Designator=C?(0603_SMD)
Add component. Clean all parameters for all variants
Added Component: Designator=C?(0603_SMD)
Add component. Clean all parameters for all variants
Added Component: Designator=C?(0603_SMD)
Add component. Clean all parameters for all variants
Added Component: Designator=C?(0603_SMD)
Add component. Clean all parameters for all variants
Added Component: Designator=C?(0603_SMD)
Add component. Clean all parameters for all variants
Added Component: Designator=C?(0603_SMD)
Add component. Clean all parameters for all variants
Added Component: Designator=C?(0603_SMD)
Add component. Clean all parameters for all variants
Added Component: Designator=C?(0603_SMD)
Add component. Clean all parameters for all variants
Added Component: Designator=R?(0402_SMD)
Add component. Clean all parameters for all variants
Added Component: Designator=R?(0402_SMD)
Add component. Clean all parameters for all variants
Added Component: Designator=R?(0402_SMD)
Add component. Clean all parameters for all variants
Added Component: Designator=R?(0402_SMD)
Add component. Clean all parameters for all variants
Added Component: Designator=R?(0402_SMD)
Add component. Clean all parameters for all variants
Added Component: Designator=R?(0402_SMD)
Add component. Clean all parameters for all variants
Added Component: Designator=R?(0402_SMD)
Add component. Clean all parameters for all variants
Added Component: Designator=R?(0402_SMD)
Add component. Clean all parameters for all variants
Added Component: Designator=R?(0402_SMD)
Add component. Clean all parameters for all variants
Added Component: Designator=R?(0402_SMD)
Add component. Clean all parameters for all variants
Added Component: Designator=R?(0402_SMD)
Add component. Clean all parameters for all variants
Added Pin To Net: NetName=GND Pin=C?-1
Added Pin To Net: NetName=GND Pin=C?-1
Added Pin To Net: NetName=GND Pin=C?-1
Added Pin To Net: NetName=GND Pin=C?-1
Added Pin To Net: NetName=GND Pin=C?-1
Added Pin To Net: NetName=GND Pin=C?-1
Added Pin To Net: NetName=GND Pin=C?-1
Added Pin To Net: NetName=GND Pin=C?-1
Added Pin To Net: NetName=GND Pin=C?-1
Added Pin To Net: NetName=GND Pin=C?-1
Added Pin To Net: NetName=GND Pin=C?-1
Added Pin To Net: NetName=GND Pin=C?-1
Added Pin To Net: NetName=GND Pin=C?-1
Added Pin To Net: NetName=GND Pin=C?-1
Added Pin To Net: NetName=GND Pin=C?-1
Added Pin To Net: NetName=GND Pin=C?-1
Added Pin To Net: NetName=GND Pin=C?-1
Added Pin To Net: NetName=GND Pin=C?-1
Added Pin To Net: NetName=GND Pin=C?-1
Added Pin To Net: NetName=BTN_1 Pin=C?-2
Added Pin To Net: NetName=RESET_N Pin=C?-2
Added Pin To Net: NetName=V_Barrel Pin=C?-2
Added Pin To Net: NetName=V_Select Pin=C?-2
Added Pin To Net: NetName=VCC3V3 Pin=C?-2
Added Pin To Net: NetName=VDDR Pin=C?-2
Added Pin To Net: NetName=VDDR Pin=C?-2
Added Pin To Net: NetName=VDDR Pin=C?-2
Added Pin To Net: NetName=VDDS Pin=C?-2
Added Pin To Net: NetName=VDDS Pin=C?-2
Added Pin To Net: NetName=VDDS Pin=C?-2
Added Pin To Net: NetName=VDDS Pin=C?-2
Added Pin To Net: NetName=VDDS Pin=C?-2
Added Pin To Net: NetName=Vin Pin=C?-2
Added Pin To Net: NetName=Vin Pin=C?-2
Added Pin To Net: NetName=DONE Pin=R?-1
Added Pin To Net: NetName=GND Pin=R?-1
Added Pin To Net: NetName=NetIC2_3 Pin=R?-1
Added Pin To Net: NetName=NetJ2_1 Pin=R?-1
Added Pin To Net: NetName=V_Select Pin=R?-1
Added Pin To Net: NetName=V_Select Pin=R?-1
Added Pin To Net: NetName=V_Select Pin=R?-1
Added Pin To Net: NetName=VDDS Pin=R?-1
Added Pin To Net: NetName=BTN_1 Pin=R?-2
Added Pin To Net: NetName=GND Pin=R?-2
Added Pin To Net: NetName=GND Pin=R?-2
Added Pin To Net: NetName=GND Pin=R?-2
Added Pin To Net: NetName=GND Pin=R?-2
Added Pin To Net: NetName=I2C_SCL Pin=R?-2
Added Pin To Net: NetName=I2C_SDA Pin=R?-2
Added Pin To Net: NetName=NetIC2_3 Pin=R?-2
Added Pin To Net: NetName=NetLED1_2 Pin=R?-2
Added Pin To Net: NetName=RESET_N Pin=R?-2
Added Pin To Net: NetName=NetC?_2 Pin=C?-2
Added Pin To Net: NetName=NetC?_2 Pin=IC3-23
Added Net: Name=NetC?_2
Added Pin To Net: NetName=NetR?_1 Pin=R?-1
Added Pin To Net: NetName=NetR?_1 Pin=Y2-1
Added Pin To Net: NetName=NetR?_1 Pin=Y2-2
Added Net: Name=NetR?_1
Added Pin To Net: NetName=NetR?_2 Pin=R?-2
Added Pin To Net: NetName=NetR?_2 Pin=U1-3
Added Net: Name=NetR?_2
Added Member To Class: ClassName=Sheet1 Member=Component C? 0.1uF
Added Member To Class: ClassName=Sheet1 Member=Component C? 0.1uF
Added Member To Class: ClassName=Sheet1 Member=Component C? 0.1uF
Added Member To Class: ClassName=Sheet1 Member=Component C? 1uF
Added Member To Class: ClassName=Sheet1 Member=Component C? 1uF
Added Member To Class: ClassName=Sheet1 Member=Component C? 0.1uF
Added Member To Class: ClassName=Sheet1 Member=Component C? 0.1uF
Added Member To Class: ClassName=Sheet1 Member=Component C? 22uF
Added Member To Class: ClassName=Sheet1 Member=Component C? 22uF
Added Member To Class: ClassName=Sheet1 Member=Component C? 0.1uF
Added Member To Class: ClassName=Sheet1 Member=Component C? 22uF
Added Member To Class: ClassName=Sheet1 Member=Component C? 0.1uF
Added Member To Class: ClassName=Sheet1 Member=Component C? 1uF
Added Member To Class: ClassName=Sheet1 Member=Component C? 0.1uF
Added Member To Class: ClassName=Sheet2 Member=Component C? 10pF
Added Member To Class: ClassName=Sheet2 Member=Component C? 10pF
Added Member To Class: ClassName=Sheet2 Member=Component C? 0.1uF
Added Member To Class: ClassName=Sheet2 Member=Component C? 1uF
Added Member To Class: ClassName=Sheet3 Member=Component C? 0.1uF
Added Member To Class: ClassName=Sheet1 Member=Component R? 100k
Added Member To Class: ClassName=Sheet1 Member=Component R? 1k
Added Member To Class: ClassName=Sheet1 Member=Component R? 0
Added Member To Class: ClassName=Sheet1 Member=Component R? 0
Added Member To Class: ClassName=Sheet1 Member=Component R? 1k
Added Member To Class: ClassName=Sheet1 Member=Component R? 42.9k
Added Member To Class: ClassName=Sheet2 Member=Component R? 220
Added Member To Class: ClassName=Sheet2 Member=Component R? 100k
Added Member To Class: ClassName=Sheet2 Member=Component R? 1k
Added Member To Class: ClassName=Sheet3 Member=Component R? 4.7k
Added Member To Class: ClassName=Sheet3 Member=Component R? 4.7k
Added Member To Class: ClassName=Sheet1 Member=Component U2 BLP2032SM-GTR
Added Room: Name=Sheet1
Added Room: Name=Sheet2
Added Room: Name=Sheet3
