Added Member To Class: ClassName=Sheet1 Member=Component C1 22uF
Added Member To Class: ClassName=Sheet1 Member=Component C2 0.1uF
Added Member To Class: ClassName=Sheet1 Member=Component C3 0.1uF
Added Member To Class: ClassName=Sheet1 Member=Component C4 0.1uF
Added Member To Class: ClassName=Sheet1 Member=Component C5 0.1uF
Added Member To Class: ClassName=Sheet1 Member=Component C6 22uF
Added Member To Class: ClassName=Sheet1 Member=Component C7 0.1uF
Added Member To Class: ClassName=Sheet1 Member=Component C8 22uF
Added Member To Class: ClassName=Sheet1 Member=Component C9 0.1uF
Added Member To Class: ClassName=Sheet1 Member=Component C10 0.1uF
Added Member To Class: ClassName=Sheet1 Member=Component C11 0.1uF
Added Member To Class: ClassName=Sheet1 Member=Component C12 1uF
Added Member To Class: ClassName=Sheet1 Member=Component C13 1uF
Added Member To Class: ClassName=Sheet1 Member=Component C14 1uF
Added Member To Class: ClassName=Sheet2 Member=Component C15 10pF
Added Member To Class: ClassName=Sheet2 Member=Component C16 10pF
Added Member To Class: ClassName=Sheet2 Member=Component C17 1uF
Added Member To Class: ClassName=Sheet2 Member=Component C18 0.1uF
Added Member To Class: ClassName=Sheet3 Member=Component C20 0.1uF
Added Member To Class: ClassName=Sheet1 Member=Component R1 1k
Added Member To Class: ClassName=Sheet1 Member=Component R2 42.9k
Added Member To Class: ClassName=Sheet1 Member=Component R3 100k
Added Member To Class: ClassName=Sheet1 Member=Component R4 1k
Added Member To Class: ClassName=Sheet1 Member=Component R5 0
Added Member To Class: ClassName=Sheet1 Member=Component R6 0
Added Member To Class: ClassName=Sheet2 Member=Component R7 220
Added Member To Class: ClassName=Sheet2 Member=Component R8 100k
Added Member To Class: ClassName=Sheet2 Member=Component R9 1k
Added Member To Class: ClassName=Sheet3 Member=Component R10 4.7k
Added Member To Class: ClassName=Sheet3 Member=Component R11 4.7k
Added Member To Class: ClassName=Sheet1 Member=Component U2 BLP2032SM-GTR
Added Room: Name=Sheet1
Added Room: Name=Sheet2
Added Room: Name=Sheet3
