Removed Member From Class: ClassName=Sheet1 Member=C?
Removed Member From Class: ClassName=Sheet2 Member=C?
Removed Member From Class: ClassName=Sheet1 Member=R?
Removed Member From Class: ClassName=Sheet2 Member=R?
Change Component Designator: OldDesignator=C? NewDesignator=C1
Change Component Designator: OldDesignator=C? NewDesignator=C2
Change Component Designator: OldDesignator=C? NewDesignator=C3
Change Component Designator: OldDesignator=C? NewDesignator=C4
Change Component Designator: OldDesignator=C? NewDesignator=C5
Change Component Designator: OldDesignator=C? NewDesignator=C6
Change Component Designator: OldDesignator=C? NewDesignator=C7
Change Component Designator: OldDesignator=C? NewDesignator=C8
Change Component Designator: OldDesignator=C? NewDesignator=C9
Change Component Designator: OldDesignator=C? NewDesignator=C10
Change Component Designator: OldDesignator=C? NewDesignator=C11
Change Component Designator: OldDesignator=C? NewDesignator=C12
Change Component Designator: OldDesignator=C? NewDesignator=C13
Change Component Designator: OldDesignator=C? NewDesignator=C14
Change Component Designator: OldDesignator=C? NewDesignator=C15
Change Component Designator: OldDesignator=C? NewDesignator=C16
Change Component Designator: OldDesignator=C? NewDesignator=C17
Change Component Designator: OldDesignator=C? NewDesignator=C18
Change Component Designator: OldDesignator=C? NewDesignator=C20
Change Component Designator: OldDesignator=R? NewDesignator=R1
Change Component Designator: OldDesignator=R? NewDesignator=R2
Change Component Designator: OldDesignator=R? NewDesignator=R3
Change Component Designator: OldDesignator=R? NewDesignator=R4
Change Component Designator: OldDesignator=R? NewDesignator=R5
Change Component Designator: OldDesignator=R? NewDesignator=R6
Change Component Designator: OldDesignator=R? NewDesignator=R7
Change Component Designator: OldDesignator=R? NewDesignator=R8
Change Component Designator: OldDesignator=R? NewDesignator=R9
Change Component Designator: OldDesignator=R? NewDesignator=R10
Change Component Designator: OldDesignator=R? NewDesignator=R11
Change Net Name : Old Net Name=NetC?_2 New Net Name=NetC17_2
Change Net Name : Old Net Name=NetR?_1 New Net Name=NetR9_1
Change Net Name : Old Net Name=NetR?_2 New Net Name=NetR2_2
Added Pin To Net: NetName=NetC13_2 Pin=C13-2
Added Pin To Net: NetName=NetC13_2 Pin=IC2-1
Added Pin To Net: NetName=NetC13_2 Pin=J4-1
Added Pin To Net: NetName=NetC13_2 Pin=R5-1
Added Net: Name=NetC13_2
Added Pin To Net: NetName=NetC15_2 Pin=C15-2
Added Pin To Net: NetName=NetC15_2 Pin=IC3-6
Added Pin To Net: NetName=NetC15_2 Pin=Y4-2
Added Net: Name=NetC15_2
Added Pin To Net: NetName=NetC16_2 Pin=C16-2
Added Pin To Net: NetName=NetC16_2 Pin=IC3-7
Added Pin To Net: NetName=NetC16_2 Pin=Y4-1
Added Net: Name=NetC16_2
Added Pin To Net: NetName=NetR4_1 Pin=R4-1
Added Pin To Net: NetName=NetR4_1 Pin=Y1-1
Added Pin To Net: NetName=NetR4_1 Pin=Y1-2
Added Net: Name=NetR4_1
Added Member To Class: ClassName=Sheet1 Member=Component C1 22uF
Added Member To Class: ClassName=Sheet1 Member=Component C2 0.1uF
Added Member To Class: ClassName=Sheet1 Member=Component C3 0.1uF
Added Member To Class: ClassName=Sheet1 Member=Component C4 0.1uF
Added Member To Class: ClassName=Sheet1 Member=Component C5 0.1uF
Added Member To Class: ClassName=Sheet1 Member=Component C6 22uF
Added Member To Class: ClassName=Sheet1 Member=Component C7 0.1uF
Added Member To Class: ClassName=Sheet1 Member=Component C8 22uF
Added Member To Class: ClassName=Sheet1 Member=Component C9 0.1uF
Added Member To Class: ClassName=Sheet1 Member=Component C10 0.1uF
Added Member To Class: ClassName=Sheet1 Member=Component C11 0.1uF
Added Member To Class: ClassName=Sheet1 Member=Component C12 1uF
Added Member To Class: ClassName=Sheet1 Member=Component C13 1uF
Added Member To Class: ClassName=Sheet1 Member=Component C14 1uF
Added Member To Class: ClassName=Sheet2 Member=Component C15 10pF
Added Member To Class: ClassName=Sheet2 Member=Component C16 10pF
Added Member To Class: ClassName=Sheet2 Member=Component C17 1uF
Added Member To Class: ClassName=Sheet2 Member=Component C18 0.1uF
Added Member To Class: ClassName=Sheet1 Member=Component R1 1k
Added Member To Class: ClassName=Sheet1 Member=Component R2 42.9k
Added Member To Class: ClassName=Sheet1 Member=Component R3 100k
Added Member To Class: ClassName=Sheet1 Member=Component R4 1k
Added Member To Class: ClassName=Sheet1 Member=Component R5 0
Added Member To Class: ClassName=Sheet1 Member=Component R6 0
Added Member To Class: ClassName=Sheet2 Member=Component R7 220
Added Member To Class: ClassName=Sheet2 Member=Component R8 100k
Added Member To Class: ClassName=Sheet2 Member=Component R9 1k
Added Member To Class: ClassName=Sheet3 Member=Component R10 4.7k
Added Member To Class: ClassName=Sheet1 Member=Component U2 BLP2032SM-GTR
Added Room: Name=Sheet1
Added Room: Name=Sheet2
Added Room: Name=Sheet3
