Removed Pin From Net: NetName=V_Switch Pin=S?-1
Removed Pin From Net: NetName=V_Barrel Pin=S?-3
Removed Member From Class: ClassName=Sheet1 Member=J?
Removed Member From Class: ClassName=Sheet1 Member=Y?
Change Component Designator: OldDesignator=C? NewDesignator=C11
Change Component Designator: OldDesignator=C? NewDesignator=C12
Change Component Designator: OldDesignator=D? NewDesignator=D1
Change Component Designator: OldDesignator=IC? NewDesignator=IC2
Change Component Designator: OldDesignator=J? NewDesignator=J1
Change Component Designator: OldDesignator=J? NewDesignator=J5
Change Component Designator: OldDesignator=LED? NewDesignator=LED1
Change Component Designator: OldDesignator=S? NewDesignator=S2
Change Component Designator: OldDesignator=Y? NewDesignator=Y1
Change Component Designator: OldDesignator=Y? NewDesignator=Y2
Change Component Designator: OldDesignator=Y? NewDesignator=Y4
Added Component: Designator=S3(MHSS1105)
Add component. Clean all parameters for all variants
Add component (AddParameter): Name = "Datasheet Link"; Value = "https://componentsearchengine.com/Datasheets/2/MHSS1105.pdf"; VariantName = "[No Variations]"
Add component (AddParameter): Name = "Height"; Value = "4mm"; VariantName = "[No Variations]"
Add component (AddParameter): Name = "Manufacturer_Name"; Value = "Apem"; VariantName = "[No Variations]"
Add component (AddParameter): Name = "Manufacturer_Part_Number"; Value = "MHSS1105"; VariantName = "[No Variations]"
Add component (AddParameter): Name = "Mouser Part Number"; Value = "642-MHSS1105"; VariantName = "[No Variations]"
Add component (AddParameter): Name = "Mouser Price/Stock"; Value = "https://www.mouser.com/Search/Refine.aspx?Keyword=642-MHSS1105"; VariantName = "[No Variations]"
Add component (AddParameter): Name = "RS Part Number"; Value = ""; VariantName = "[No Variations]"
Add component (AddParameter): Name = "RS Price/Stock"; Value = ""; VariantName = "[No Variations]"
Added Pin To Net: NetName=V_Select Pin=S2-3
Added Pin To Net: NetName=V_Switch Pin=S3-1
Added Pin To Net: NetName=V_Barrel Pin=S3-3
Change Net Name : Old Net Name=NetC?_2 New Net Name=NetC11_2
Change Net Name : Old Net Name=NetD?_2 New Net Name=NetD1_2
Change Net Name : Old Net Name=NetLED?_2 New Net Name=NetLED1_2
Added Pin To Net: NetName=NetS2_1 Pin=S2-1
Added Pin To Net: NetName=NetS2_1 Pin=S2-4
Added Pin To Net: NetName=NetS2_1 Pin=S3-2
Added Net: Name=NetS2_1
Added Member To Class: ClassName=Sheet1 Member=Component C11 Passive-Capacitor (Generic)
Added Member To Class: ClassName=Sheet1 Member=Component J1 S8421-45R
Added Member To Class: ClassName=Sheet1 Member=Component S3 MHSS1105
Added Member To Class: ClassName=Sheet1 Member=Component Y1 PTS810_SJK_250_SMTR_LFS
Added Member To Class: ClassName=Sheet2 Member=Component Y4 PTS810_SJK_250_SMTR_LFS
