Removed Pin From Net: NetName=VDDS Pin=C4-1
Removed Pin From Net: NetName=GND Pin=C4-2
Removed Pin From Net: NetName=VDDR Pin=C8-1
Removed Pin From Net: NetName=GND Pin=C8-2
Removed Pin From Net: NetName=VDDR Pin=C9-2
Removed Pin From Net: NetName=VDDR Pin=C10-2
Removed Pin From Net: NetName=GND Pin=C12-2
Removed Pin From Net: NetName=RESET_N Pin=C15-1
Removed Pin From Net: NetName=GND Pin=C15-2
Removed Pin From Net: NetName=DIO15 Pin=C19-1
Removed Pin From Net: NetName=GND Pin=C19-2
Removed Pin From Net: NetName=GND Pin=C20-1
Removed Pin From Net: NetName=GND Pin=C21-1
Removed Pin From Net: NetName=DIO14 Pin=C22-1
Removed Pin From Net: NetName=GND Pin=C22-2
Removed Pin From Net: NetName=Net*_2 Pin=R2-1
Removed Pin From Net: NetName=NetJ2_10 Pin=R2-2
Removed Pin From Net: NetName=RESET_N Pin=R7-1
Removed Pin From Net: NetName=VDDS Pin=R7-2
Removed Pin From Net: NetName=GND Pin=R8-1
Removed Pin From Net: NetName=NetPB1_1 Pin=R8-2
Removed Pin From Net: NetName=DIO15 Pin=R9-1
Removed Pin From Net: NetName=V_Select Pin=R9-2
Removed Pin From Net: NetName=I2C_SCL Pin=R10-1
Removed Pin From Net: NetName=V_Select Pin=R10-2
Removed Pin From Net: NetName=I2C_SDA Pin=R11-1
Removed Pin From Net: NetName=V_Select Pin=R11-2
Removed Pin From Net: NetName=DIO14 Pin=R12-1
Removed Pin From Net: NetName=V_Select Pin=R12-2
Removed Pin From Net: NetName=GND Pin=R13-1
Removed Pin From Net: NetName=NetPB2_1 Pin=R13-2
Removed Pin From Net: NetName=GND Pin=R14-1
Removed Pin From Net: NetName=NetPB3_1 Pin=R14-2
Removed Member From Class: ClassName=Sheet1 Member=C12
Removed Member From Class: ClassName=Sheet1 Member=C13
Removed Member From Class: ClassName=Sheet1 Member=C14
Removed Member From Class: ClassName=Sheet1 Member=C15
Removed Member From Class: ClassName=Sheet2 Member=C19
Removed Member From Class: ClassName=Sheet2 Member=C20
Removed Member From Class: ClassName=Sheet2 Member=C21
Removed Member From Class: ClassName=Sheet2 Member=C22
Removed Member From Class: ClassName=Sheet2 Member=R2
Removed Member From Class: ClassName=Sheet1 Member=R7
Removed Member From Class: ClassName=Sheet1 Member=R8
Removed Member From Class: ClassName=Sheet2 Member=R9
Removed Member From Class: ClassName=Sheet3 Member=R10
Removed Member From Class: ClassName=Sheet3 Member=R11
Removed Member From Class: ClassName=Sheet2 Member=R12
Removed Member From Class: ClassName=Sheet2 Member=R13
Removed Member From Class: ClassName=Sheet2 Member=R14
Change Component Footprint: Designator=C12 Old Footprint=CAPAE660X800N New Footprint=0603_SMD
Change Component Footprint: Designator=C1 Old Footprint=PASSIVE-CAPACITOR-0603 New Footprint=0603_SMD
Change Component Footprint: Designator=C2 Old Footprint=PASSIVE-CAPACITOR-0603 New Footprint=0603_SMD
Change Component Footprint: Designator=C3 Old Footprint=PASSIVE-CAPACITOR-0603 New Footprint=0603_SMD
Change Component Footprint: Designator=C4 Old Footprint=PASSIVE-CAPACITOR-0603 New Footprint=0603_SMD
Change Component Footprint: Designator=C5 Old Footprint=PASSIVE-CAPACITOR-0603 New Footprint=0603_SMD
Change Component Footprint: Designator=C8 Old Footprint=PASSIVE-CAPACITOR-0603 New Footprint=0603_SMD
Change Component Footprint: Designator=C9 Old Footprint=PASSIVE-CAPACITOR-0603 New Footprint=0603_SMD
Change Component Footprint: Designator=C10 Old Footprint=PASSIVE-CAPACITOR-0603 New Footprint=0603_SMD
Change Component Footprint: Designator=C13 Old Footprint=PASSIVE-CAPACITOR-0603 New Footprint=0603_SMD
Change Component Footprint: Designator=C14 Old Footprint=PASSIVE-CAPACITOR-0603 New Footprint=0603_SMD
Change Component Footprint: Designator=C15 Old Footprint=PASSIVE-CAPACITOR-0603 New Footprint=0603_SMD
Change Component Footprint: Designator=C18 Old Footprint=PASSIVE-CAPACITOR-0603 New Footprint=0603_SMD
Change Component Footprint: Designator=R2 Old Footprint=PASSIVE-RESISTOR-0603 New Footprint=0603_SMD
Change Component Footprint: Designator=R7 Old Footprint=PASSIVE-RESISTOR-0603 New Footprint=0603_SMD
Change Component Footprint: Designator=R8 Old Footprint=PASSIVE-RESISTOR-0603 New Footprint=0603_SMD
Change Component Footprint: Designator=R9 Old Footprint=PASSIVE-RESISTOR-0603 New Footprint=0603_SMD
Change Component Comment : Designator=C8 Old Comment= New Comment=0.1uF
Change Component Comment : Designator=C4 Old Comment= New Comment=22uF
Change Component Comment : Designator=C12 Old Comment=EEE-HC1C101XP New Comment=12pF
Change Component Comment : Designator=C1 Old Comment=Passive-Capacitor (Generic) New Comment=0.1uF
Change Component Comment : Designator=C2 Old Comment=Passive-Capacitor (Generic) New Comment=0.1uF
Change Component Comment : Designator=C3 Old Comment=Passive-Capacitor (Generic) New Comment=0.1uF
Change Component Comment : Designator=C5 Old Comment=Passive-Capacitor (Generic) New Comment=0.1uF
Change Component Comment : Designator=C9 Old Comment=Passive-Capacitor (Generic) New Comment=0.1uF
Change Component Comment : Designator=C15 Old Comment=Passive-Capacitor (Generic) New Comment=0.1uF
Change Component Comment : Designator=C18 Old Comment=Passive-Capacitor (Generic) New Comment=0.1uF
Change Component Comment : Designator=C14 Old Comment=Passive-Capacitor (Generic) New Comment=1uF
Change Component Comment : Designator=C10 Old Comment=Passive-Capacitor (Generic) New Comment=4.7uF
Change Component Comment : Designator=C13 Old Comment=Passive-Capacitor (Generic) New Comment=12pF
Change Component Comment : Designator=R2 Old Comment=Passive-Resistor (Generic) New Comment=1k
Change Component Comment : Designator=R7 Old Comment=Passive-Resistor (Generic) New Comment=1k
Change Component Comment : Designator=R8 Old Comment=Passive-Resistor (Generic) New Comment=4.7k
Change Component Comment : Designator=R9 Old Comment=Passive-Resistor (Generic) New Comment=4.7k
Change Component Designator: OldDesignator=BT? NewDesignator=BT1
Change Component Designator: OldDesignator=J? NewDesignator=J1
Change component parameters: Designator = "C12"; Footprint = "0603_SMD"; UniqueID = "\PLVTDAKA"
Change component parameters. Clean all parameters for all variants
Change component parameters: Designator = "C1"; Footprint = "0603_SMD"; UniqueID = "\DFFHFUFU"
Change component parameters. Clean all parameters for all variants
Change component parameters: Designator = "C2"; Footprint = "0603_SMD"; UniqueID = "\XELERPGC"
Change component parameters. Clean all parameters for all variants
Change component parameters: Designator = "C3"; Footprint = "0603_SMD"; UniqueID = "\LONSEULS"
Change component parameters. Clean all parameters for all variants
Change component parameters: Designator = "C4"; Footprint = "0603_SMD"; UniqueID = "\YJQQEZUE"
Change component parameters. Clean all parameters for all variants
Change component parameters: Designator = "C5"; Footprint = "0603_SMD"; UniqueID = "\FMBLBXFX"
Change component parameters. Clean all parameters for all variants
Change component parameters: Designator = "C8"; Footprint = "0603_SMD"; UniqueID = "\EUKQTJDU"
Change component parameters. Clean all parameters for all variants
Change component parameters: Designator = "C9"; Footprint = "0603_SMD"; UniqueID = "\XJZWZKRV"
Change component parameters. Clean all parameters for all variants
Change component parameters: Designator = "C10"; Footprint = "0603_SMD"; UniqueID = "\CZZBVZHJ"
Change component parameters. Clean all parameters for all variants
Change component parameters: Designator = "C13"; Footprint = "0603_SMD"; UniqueID = "\ZQECUSCQ"
Change component parameters. Clean all parameters for all variants
Change component parameters: Designator = "C14"; Footprint = "0603_SMD"; UniqueID = "\VFVLVILH"
Change component parameters. Clean all parameters for all variants
Change component parameters: Designator = "C15"; Footprint = "0603_SMD"; UniqueID = "\TKTAKCFE"
Change component parameters. Clean all parameters for all variants
Change component parameters: Designator = "C18"; Footprint = "0603_SMD"; UniqueID = "\NOBLRKKC"
Change component parameters. Clean all parameters for all variants
Change component parameters: Designator = "R2"; Footprint = "0603_SMD"; UniqueID = "\SCDYSVDL"
Change component parameters. Clean all parameters for all variants
Change component parameters: Designator = "R7"; Footprint = "0603_SMD"; UniqueID = "\JSJJRYEI"
Change component parameters. Clean all parameters for all variants
Change component parameters: Designator = "R8"; Footprint = "0603_SMD"; UniqueID = "\UKDCKNDY"
Change component parameters. Clean all parameters for all variants
Change component parameters: Designator = "R9"; Footprint = "0603_SMD"; UniqueID = "\GVHPJFWJ"
Change component parameters. Clean all parameters for all variants
Added Component: Designator=C6(0603_SMD)
Add component. Clean all parameters for all variants
Added Component: Designator=C7(0603_SMD)
Add component. Clean all parameters for all variants
Added Component: Designator=C11(0603_SMD)
Add component. Clean all parameters for all variants
Added Component: Designator=IC1(SOT95P280X145-5N)
Add component. Clean all parameters for all variants
Add component (AddParameter): Name = "Datasheet Link"; Value = "http://www.ti.com/lit/ds/symlink/tps62203.pdf"; VariantName = "[No Variations]"
Add component (AddParameter): Name = "Height"; Value = "1.45mm"; VariantName = "[No Variations]"
Add component (AddParameter): Name = "Manufacturer_Name"; Value = "Texas Instruments"; VariantName = "[No Variations]"
Add component (AddParameter): Name = "Manufacturer_Part_Number"; Value = "TPS62203DBVR"; VariantName = "[No Variations]"
Add component (AddParameter): Name = "Mouser Part Number"; Value = "595-TPS62203DBVR"; VariantName = "[No Variations]"
Add component (AddParameter): Name = "Mouser Price/Stock"; Value = "https://www.mouser.com/Search/Refine.aspx?Keyword=595-TPS62203DBVR"; VariantName = "[No Variations]"
Add component (AddParameter): Name = "RS Part Number"; Value = ""; VariantName = "[No Variations]"
Add component (AddParameter): Name = "RS Price/Stock"; Value = ""; VariantName = "[No Variations]"
Added Component: Designator=L2(PASSIVE-INDUCTOR-0603)
Add component. Clean all parameters for all variants
Add component (AddParameter): Name = "Category"; Value = "Passive"; VariantName = "[No Variations]"
Add component (AddParameter): Name = "Manufacturer"; Value = ""; VariantName = "[No Variations]"
Add component (AddParameter): Name = "Manufacturer Part Number"; Value = ""; VariantName = "[No Variations]"
Add component (AddParameter): Name = "Package"; Value = ""; VariantName = "[No Variations]"
Add component (AddParameter): Name = "Supplier 1"; Value = "Mouser"; VariantName = "[No Variations]"
Add component (AddParameter): Name = "Supplier 2"; Value = "Digi-Key"; VariantName = "[No Variations]"
Add component (AddParameter): Name = "Supplier Part Number 1"; Value = ""; VariantName = "[No Variations]"
Add component (AddParameter): Name = "Supplier Part Number 2"; Value = ""; VariantName = "[No Variations]"
Add component (AddParameter): Name = "Through Hole (y/n)"; Value = ""; VariantName = "[No Variations]"
Add component (AddParameter): Name = "Value"; Value = "10uH"; VariantName = "[No Variations]"
Added Component: Designator=R1(0603_SMD)
Add component. Clean all parameters for all variants
Added Component: Designator=R3(0603_SMD)
Add component. Clean all parameters for all variants
Added Component: Designator=R4(0603_SMD)
Add component. Clean all parameters for all variants
Added Component: Designator=R5(0603_SMD)
Add component. Clean all parameters for all variants
Added Component: Designator=R6(0603_SMD)
Add component. Clean all parameters for all variants
Added Pin To Net: NetName=GND Pin=C4-1
Added Pin To Net: NetName=VDDS Pin=C4-2
Added Pin To Net: NetName=GND Pin=C6-1
Added Pin To Net: NetName=VDDR Pin=C6-2
Added Pin To Net: NetName=GND Pin=C7-1
Added Pin To Net: NetName=VDDR Pin=C7-2
Added Pin To Net: NetName=GND Pin=C8-1
Added Pin To Net: NetName=VDDR Pin=C8-2
Added Pin To Net: NetName=RESET_N Pin=C9-2
Added Pin To Net: NetName=GND Pin=C11-1
Added Pin To Net: NetName=V_Select Pin=C11-2
Added Pin To Net: NetName=GND Pin=C12-1
Added Pin To Net: NetName=GND Pin=C15-1
Added Pin To Net: NetName=DIO15 Pin=C15-2
Added Pin To Net: NetName=DIO14 Pin=C18-2
Added Pin To Net: NetName=GND Pin=IC1-2
Added Pin To Net: NetName=V_Select Pin=IC1-4
Added Pin To Net: NetName=GND Pin=J1-1
Added Pin To Net: NetName=GND Pin=J1-3
Added Pin To Net: NetName=GND Pin=J2-1
Added Pin To Net: NetName=GND Pin=J2-3
Added Pin To Net: NetName=V_Select Pin=L2-2
Added Pin To Net: NetName=VDDS Pin=R1-1
Added Pin To Net: NetName=RESET_N Pin=R1-2
Added Pin To Net: NetName=NetPB1_1 Pin=R2-1
Added Pin To Net: NetName=GND Pin=R2-2
Added Pin To Net: NetName=NetJ2_10 Pin=R3-1
Added Pin To Net: NetName=Net*_2 Pin=R3-2
Added Pin To Net: NetName=V_Select Pin=R4-1
Added Pin To Net: NetName=DIO15 Pin=R4-2
Added Pin To Net: NetName=V_Select Pin=R5-1
Added Pin To Net: NetName=DIO14 Pin=R5-2
Added Pin To Net: NetName=NetPB2_1 Pin=R6-1
Added Pin To Net: NetName=GND Pin=R6-2
Added Pin To Net: NetName=NetPB3_1 Pin=R7-1
Added Pin To Net: NetName=GND Pin=R7-2
Added Pin To Net: NetName=V_Select Pin=R8-1
Added Pin To Net: NetName=I2C_SCL Pin=R8-2
Added Pin To Net: NetName=V_Select Pin=R9-1
Added Pin To Net: NetName=I2C_SDA Pin=R9-2
Change Net Name : Old Net Name=NetBT?_2 New Net Name=NetBT1_2
Added Pin To Net: NetName=NetC10_2 Pin=C10-2
Added Pin To Net: NetName=NetC10_2 Pin=D1-1
Added Pin To Net: NetName=NetC10_2 Pin=IC1-1
Added Pin To Net: NetName=NetC10_2 Pin=IC1-3
Added Net: Name=NetC10_2
Added Pin To Net: NetName=NetC12_2 Pin=C12-2
Added Pin To Net: NetName=NetC12_2 Pin=IC3-6
Added Pin To Net: NetName=NetC12_2 Pin=Y2-1
Added Net: Name=NetC12_2
Added Pin To Net: NetName=NetC13_2 Pin=C13-2
Added Pin To Net: NetName=NetC13_2 Pin=IC3-7
Added Pin To Net: NetName=NetC13_2 Pin=Y2-2
Added Net: Name=NetC13_2
Added Pin To Net: NetName=NetC14_2 Pin=C14-2
Added Pin To Net: NetName=NetC14_2 Pin=IC3-23
Added Net: Name=NetC14_2
Added Pin To Net: NetName=NetIC1_5 Pin=IC1-5
Added Pin To Net: NetName=NetIC1_5 Pin=L2-1
Added Net: Name=NetIC1_5
Added Member To Class: ClassName=Sheet2 Member=Component * LED_APTD1608SURCK
Added Member To Class: ClassName=Sheet1 Member=Component C6 22uF
Added Member To Class: ClassName=Sheet1 Member=Component C7 0.1uF
Added Member To Class: ClassName=Sheet1 Member=Component C11 4.7uF
Added Member To Class: ClassName=Sheet2 Member=Component C12 12pF
Added Member To Class: ClassName=Sheet2 Member=Component C13 12pF
Added Member To Class: ClassName=Sheet2 Member=Component C14 1uF
Added Member To Class: ClassName=Sheet2 Member=Component C15 0.1uF
Added Member To Class: ClassName=Sheet1 Member=Component IC1 TPS62203DBVR
Added Member To Class: ClassName=Sheet1 Member=Component L2 Passive-Inductor (Generic)
Added Member To Class: ClassName=Sheet1 Member=Component R1 100k
Added Member To Class: ClassName=Sheet1 Member=Component R2 1k
Added Member To Class: ClassName=Sheet2 Member=Component R3 180
Added Member To Class: ClassName=Sheet2 Member=Component R4 100k
Added Member To Class: ClassName=Sheet2 Member=Component R5 100k
Added Member To Class: ClassName=Sheet2 Member=Component R6 1k
Added Member To Class: ClassName=Sheet2 Member=Component R7 1k
Added Member To Class: ClassName=Sheet3 Member=Component R8 4.7k
Added Member To Class: ClassName=Sheet3 Member=Component R9 4.7k
Added Room: Name=Sheet1
Added Room: Name=Sheet2
Added Room: Name=Sheet3
