Removed Pin From Net: NetName=GND Pin=*-1
Removed Pin From Net: NetName=GPIO11_A_D Pin=*-5
Removed Pin From Net: NetName=GPIO12_A_D Pin=*-7
Removed Pin From Net: NetName=GND Pin=C6-1
Removed Pin From Net: NetName=V_Select Pin=CO2-2
Removed Pin From Net: NetName=Vin Pin=IC1-3
Removed Pin From Net: NetName=GND Pin=IC1-5
Removed Pin From Net: NetName=GND Pin=IC1-6
Removed Pin From Net: NetName=GND Pin=IC1-7
Removed Pin From Net: NetName=V_Select Pin=J1-1
Removed Pin From Net: NetName=GND Pin=J1-3
Removed Pin From Net: NetName=GND Pin=J1-5
Removed Pin From Net: NetName=JTAG_TMSC Pin=J1-6
Removed Pin From Net: NetName=JTAG_TCKC Pin=J1-8
Removed Pin From Net: NetName=GND Pin=J1-9
Removed Pin From Net: NetName=RESET_N Pin=J1-10
Removed Pin From Net: NetName=GND Pin=J6-2
Removed Pin From Net: NetName=Vin Pin=L2-1
Removed Pin From Net: NetName=GND Pin=R1-1
Removed Pin From Net: NetName=DONE Pin=R1-2
Removed Pin From Net: NetName=GND Pin=R3-2
Removed Pin From Net: NetName=GND Pin=R4-1
Removed Pin From Net: NetName=V_Switch Pin=S1-1
Removed Pin From Net: NetName=GND Pin=S1-2
Removed Pin From Net: NetName=V_Switch Pin=SJ5-1
Removed Pin From Net: NetName=GND Pin=U1-2
Removed Pin From Net: NetName=DONE Pin=U1-4
Removed Pin From Net: NetName=RF_P_2_4 Pin=U3-1
Removed Member From Class: ClassName=Sheet3 Member=*
Removed Member From Class: ClassName=Sheet1 Member=C6
Removed Member From Class: ClassName=Sheet3 Member=CO2
Removed Member From Class: ClassName=Sheet1 Member=IC1
Removed Member From Class: ClassName=Sheet2 Member=J1
Removed Member From Class: ClassName=Sheet1 Member=J6
Removed Member From Class: ClassName=Sheet1 Member=L2
Removed Member From Class: ClassName=Sheet1 Member=R1
Removed Member From Class: ClassName=Sheet1 Member=R3
Removed Member From Class: ClassName=Sheet1 Member=R4
Removed Member From Class: ClassName=Sheet1 Member=S1
Removed Member From Class: ClassName=Sheet1 Member=S3
Removed Member From Class: ClassName=Sheet1 Member=SJ5
Removed Member From Class: ClassName=Sheet1 Member=U1
Removed Member From Class: ClassName=Sheet2 Member=U3
Change Component Designator: OldDesignator=Clear Mem NewDesignator=PB3
Change Component Designator: OldDesignator=Commission NewDesignator=PB2
Change Component Designator: OldDesignator=HDC1080 NewDesignator=SJ4
Change Component Designator: OldDesignator=ON/OFF NewDesignator=S4
Added Component: Designator=BT?(BH18650PC)
Add component. Clean all parameters for all variants
Add component (AddParameter): Name = "Datasheet Link"; Value = "http://www.memoryprotectiondevices.com/datasheets/BH-18650-PC-datasheet.pdf"; VariantName = "[No Variations]"
Add component (AddParameter): Name = "Height"; Value = "21.31mm"; VariantName = "[No Variations]"
Add component (AddParameter): Name = "Manufacturer_Name"; Value = "MPD (Memory Protection Devices)"; VariantName = "[No Variations]"
Add component (AddParameter): Name = "Manufacturer_Part_Number"; Value = "BH-18650-PC"; VariantName = "[No Variations]"
Add component (AddParameter): Name = "Mouser Part Number"; Value = ""; VariantName = "[No Variations]"
Add component (AddParameter): Name = "Mouser Price/Stock"; Value = ""; VariantName = "[No Variations]"
Add component (AddParameter): Name = "RS Part Number"; Value = ""; VariantName = "[No Variations]"
Add component (AddParameter): Name = "RS Price/Stock"; Value = ""; VariantName = "[No Variations]"
Added Component: Designator=J?(142-0701-851)
Add component. Clean all parameters for all variants
Add component (AddParameter): Name = "Allied_Number"; Value = "70090267"; VariantName = "[No Variations]"
Add component (AddParameter): Name = "Allied Price/Stock"; Value = "https://www.alliedelec.com/johnson-cinch-connectivity-solutions-142-0701-801/70090267/"; VariantName = "[No Variations]"
Add component (AddParameter): Name = "Datasheet Link"; Value = "http://www.farnell.com/datasheets/2048966.pdf"; VariantName = "[No Variations]"
Add component (AddParameter): Name = "Manufacturer_Name"; Value = "Cinch"; VariantName = "[No Variations]"
Add component (AddParameter): Name = "Manufacturer_Part_Number"; Value = "142-0701-801"; VariantName = "[No Variations]"
Add component (AddParameter): Name = "Mouser Part Number"; Value = "530-142-0701-801"; VariantName = "[No Variations]"
Add component (AddParameter): Name = "Mouser Price/Stock"; Value = "https://www.mouser.com/Search/Refine.aspx?Keyword=530-142-0701-801"; VariantName = "[No Variations]"
Add component (AddParameter): Name = "RS Part Number"; Value = "8861070"; VariantName = "[No Variations]"
Add component (AddParameter): Name = "RS Price/Stock"; Value = "http://uk.rs-online.com/web/p/products/8861070"; VariantName = "[No Variations]"
Added Pin To Net: NetName=GND Pin=BT?-1
Added Pin To Net: NetName=RF_P_2_4 Pin=J?-2
Change Net Name : Old Net Name=Vin New Net Name=NetC12_1
Added Pin To Net: NetName=NetBT?_2 Pin=BT?-2
Added Pin To Net: NetName=NetBT?_2 Pin=D1-2
Added Net: Name=NetBT?_2
Added Member To Class: ClassName=Sheet1 Member=Component BT? BH-18650-PC
Added Member To Class: ClassName=Sheet2 Member=Component J? 142-0701-801
Added Room: Name=Sheet1
Added Room: Name=Sheet2
Added Room: Name=Sheet3
