Added Component: Designator=Q1(SOT96P240X100-3N)
Add component. Clean all parameters for all variants
Add component (AddParameter): Name = "Allied_Number"; Value = "70550687"; VariantName = "[No Variations]"
Add component (AddParameter): Name = "Allied Price/Stock"; Value = "https://www.alliedelec.com/diodes-inc-dmn65d8l-7/70550687/"; VariantName = "[No Variations]"
Add component (AddParameter): Name = "Datasheet Link"; Value = "https://www.diodes.com/assets/Datasheets/DMN65D8L.pdf"; VariantName = "[No Variations]"
Add component (AddParameter): Name = "Height"; Value = "1mm"; VariantName = "[No Variations]"
Add component (AddParameter): Name = "Manufacturer_Name"; Value = "Diodes Inc."; VariantName = "[No Variations]"
Add component (AddParameter): Name = "Manufacturer_Part_Number"; Value = "DMN65D8L-7"; VariantName = "[No Variations]"
Add component (AddParameter): Name = "Mouser Part Number"; Value = "621-DMN65D8L-7"; VariantName = "[No Variations]"
Add component (AddParameter): Name = "Mouser Price/Stock"; Value = "https://www.mouser.com/Search/Refine.aspx?Keyword=621-DMN65D8L-7"; VariantName = "[No Variations]"
Add component (AddParameter): Name = "RS Part Number"; Value = "8232952P"; VariantName = "[No Variations]"
Add component (AddParameter): Name = "RS Price/Stock"; Value = "http://uk.rs-online.com/web/p/products/8232952P"; VariantName = "[No Variations]"
Added Component: Designator=R10(0603_SMD)
Add component. Clean all parameters for all variants
Added Component: Designator=R11(0603_SMD)
Add component. Clean all parameters for all variants
Added Pin To Net: NetName=GND Pin=Q1-2
Added Pin To Net: NetName=NetBT1_2 Pin=R10-1
Change Net Name : Old Net Name=NetBT1_2 New Net Name=V_Batt
Added Pin To Net: NetName=BATT_ADC_EN Pin=IC3-43
Added Pin To Net: NetName=BATT_ADC_EN Pin=Q1-1
Added Net: Name=BATT_ADC_EN
Added Pin To Net: NetName=BATT_ADC Pin=IC3-42
Added Pin To Net: NetName=BATT_ADC Pin=R10-2
Added Pin To Net: NetName=BATT_ADC Pin=R11-1
Added Net: Name=BATT_ADC
Added Pin To Net: NetName=NetQ1_3 Pin=Q1-3
Added Pin To Net: NetName=NetQ1_3 Pin=R11-2
Added Net: Name=NetQ1_3
Added Member To Class: ClassName=Sheet2 Member=Component Q1 DMN65D8L-7
Added Member To Class: ClassName=Sheet2 Member=Component R10 100k
Added Member To Class: ClassName=Sheet2 Member=Component R11 100k
Added Room: Name=Sheet1
Added Room: Name=Sheet2
Added Room: Name=Sheet3
